<?xml version="1.0" encoding="UTF-8"?>
<testng-results retried="1" ignored="1" total="3" passed="0" failed="1" skipped="0">
  <reporter-output>
    <line>
      <![CDATA[Driver Activated... Browser Opened :::: chrome]]>
    </line>
    <line>
      <![CDATA[Test Case for 'coreProductTestCase'  - Started ------]]>
    </line>
    <line>
      <![CDATA[Switching to new window opened .... '74C5C634CF742DC244A721E2F01C814A ' ]]>
    </line>
    <line>
      <![CDATA[Waiting for Page to Load......]]>
    </line>
    <line>
      <![CDATA[Page Loaded !! ]]>
    </line>
    <line>
      <![CDATA[Waiting for Page to Load......]]>
    </line>
    <line>
      <![CDATA[Page Loaded !! ]]>
    </line>
    <line>
      <![CDATA[Waiting for Page to Load......]]>
    </line>
    <line>
      <![CDATA[Page Loaded !! ]]>
    </line>
    <line>
      <![CDATA[Test Case for 'coreProductTestCase'  - Started ------]]>
    </line>
    <line>
      <![CDATA[Switching to new window opened .... 'ED08376C9DB978D2FD1FAF27E524738C ' ]]>
    </line>
    <line>
      <![CDATA[Waiting for Page to Load......]]>
    </line>
    <line>
      <![CDATA[Page Loaded !! ]]>
    </line>
    <line>
      <![CDATA[Waiting for Page to Load......]]>
    </line>
    <line>
      <![CDATA[Page Loaded !! ]]>
    </line>
    <line>
      <![CDATA[Waiting for Page to Load......]]>
    </line>
    <line>
      <![CDATA[Page Loaded !! ]]>
    </line>
  </reporter-output>
  <suite started-at="2024-08-26T15:54:25 IST" name="Suite" finished-at="2024-08-26T15:57:27 IST" duration-ms="181985">
    <groups>
    </groups>
    <test started-at="2024-08-26T15:54:25 IST" name="Core Product Test Case in Chrome" finished-at="2024-08-26T15:57:27 IST" duration-ms="181985">
      <class name="CP_TestCase.CoreProductTestCase">
        <test-method is-config="true" signature="setUpTest(java.lang.String)[pri:0, instance:CP_TestCase.CoreProductTestCase@35d019a3]" started-at="2024-08-26T15:54:25 IST" name="setUpTest" finished-at="2024-08-26T15:54:29 IST" duration-ms="4374" status="PASS">
          <params>
            <param index="0">
              <value>
                <![CDATA[chrome]]>
              </value>
            </param>
          </params>
          <reporter-output>
            <line>
              <![CDATA[Driver Activated... Browser Opened :::: chrome]]>
            </line>
          </reporter-output>
        </test-method> <!-- setUpTest -->
        <test-method is-config="true" signature="objectCreation()[pri:0, instance:CP_TestCase.CoreProductTestCase@35d019a3]" started-at="2024-08-26T15:54:29 IST" name="objectCreation" finished-at="2024-08-26T15:54:35 IST" duration-ms="5747" status="PASS">
          <reporter-output>
          </reporter-output>
        </test-method> <!-- objectCreation -->
        <test-method retried="true" signature="coreProductTestCase()[pri:0, instance:CP_TestCase.CoreProductTestCase@35d019a3]" started-at="2024-08-26T15:54:35 IST" name="coreProductTestCase" finished-at="2024-08-26T15:55:46 IST" duration-ms="71661" status="SKIP">
          <exception class="java.lang.NullPointerException">
            <message>
              <![CDATA[Cannot invoke "java.util.HashMap.get(Object)" because the return value of "CP_PageObject.CP_CategoryPage.getGlobalConfigData()" is null]]>
            </message>
            <full-stacktrace>
              <![CDATA[java.lang.NullPointerException: Cannot invoke "java.util.HashMap.get(Object)" because the return value of "CP_PageObject.CP_CategoryPage.getGlobalConfigData()" is null
at CP_PageObject.CP_CategoryPage.getAllJacketProductInfo(CP_CategoryPage.java:67)
at CP_TestCase.CoreProductTestCase.coreProductTestCase(CoreProductTestCase.java:69)
at java.base/jdk.internal.reflect.DirectMethodHandleAccessor.invoke(DirectMethodHandleAccessor.java:103)
at java.base/java.lang.reflect.Method.invoke(Method.java:580)
at org.testng.internal.invokers.MethodInvocationHelper.invokeMethod(MethodInvocationHelper.java:141)
at org.testng.internal.invokers.TestInvoker.invokeMethod(TestInvoker.java:686)
at org.testng.internal.invokers.TestInvoker.invokeTestMethod(TestInvoker.java:230)
at org.testng.internal.invokers.MethodRunner.runInSequence(MethodRunner.java:63)
at org.testng.internal.invokers.TestInvoker$MethodInvocationAgent.invoke(TestInvoker.java:992)
at org.testng.internal.invokers.TestInvoker.invokeTestMethods(TestInvoker.java:203)
at org.testng.internal.invokers.TestMethodWorker.invokeTestMethods(TestMethodWorker.java:154)
at org.testng.internal.invokers.TestMethodWorker.run(TestMethodWorker.java:134)
at java.base/java.util.ArrayList.forEach(ArrayList.java:1596)
at org.testng.TestRunner.privateRun(TestRunner.java:739)
at org.testng.TestRunner.run(TestRunner.java:614)
at org.testng.SuiteRunner.runTest(SuiteRunner.java:421)
at org.testng.SuiteRunner.runSequentially(SuiteRunner.java:413)
at org.testng.SuiteRunner.privateRun(SuiteRunner.java:373)
at org.testng.SuiteRunner.run(SuiteRunner.java:312)
at org.testng.SuiteRunnerWorker.runSuite(SuiteRunnerWorker.java:52)
at org.testng.SuiteRunnerWorker.run(SuiteRunnerWorker.java:95)
at org.testng.TestNG.runSuitesSequentially(TestNG.java:1274)
at org.testng.TestNG.runSuitesLocally(TestNG.java:1208)
at org.testng.TestNG.runSuites(TestNG.java:1112)
at org.testng.TestNG.run(TestNG.java:1079)
at org.apache.maven.surefire.testng.TestNGExecutor.run(TestNGExecutor.java:308)
at org.apache.maven.surefire.testng.TestNGXmlTestSuite.execute(TestNGXmlTestSuite.java:71)
at org.apache.maven.surefire.testng.TestNGProvider.invoke(TestNGProvider.java:113)
at org.apache.maven.surefire.booter.ForkedBooter.runSuitesInProcess(ForkedBooter.java:385)
at org.apache.maven.surefire.booter.ForkedBooter.execute(ForkedBooter.java:162)
at org.apache.maven.surefire.booter.ForkedBooter.run(ForkedBooter.java:507)
at org.apache.maven.surefire.booter.ForkedBooter.main(ForkedBooter.java:495)
]]>
            </full-stacktrace>
          </exception> <!-- java.lang.NullPointerException -->
          <reporter-output>
            <line>
              <![CDATA[Test Case for 'coreProductTestCase'  - Started ------]]>
            </line>
            <line>
              <![CDATA[Switching to new window opened .... '74C5C634CF742DC244A721E2F01C814A ' ]]>
            </line>
            <line>
              <![CDATA[Waiting for Page to Load......]]>
            </line>
            <line>
              <![CDATA[Page Loaded !! ]]>
            </line>
            <line>
              <![CDATA[Waiting for Page to Load......]]>
            </line>
            <line>
              <![CDATA[Page Loaded !! ]]>
            </line>
            <line>
              <![CDATA[Waiting for Page to Load......]]>
            </line>
            <line>
              <![CDATA[Page Loaded !! ]]>
            </line>
          </reporter-output>
        </test-method> <!-- coreProductTestCase -->
        <test-method is-config="true" signature="objectCreation()[pri:0, instance:CP_TestCase.CoreProductTestCase@35d019a3]" started-at="2024-08-26T15:55:46 IST" name="objectCreation" finished-at="2024-08-26T15:55:47 IST" duration-ms="650" status="PASS">
          <reporter-output>
          </reporter-output>
        </test-method> <!-- objectCreation -->
        <test-method signature="coreProductTestCase()[pri:0, instance:CP_TestCase.CoreProductTestCase@35d019a3]" started-at="2024-08-26T15:55:47 IST" name="coreProductTestCase" finished-at="2024-08-26T15:57:26 IST" duration-ms="98966" status="FAIL">
          <exception class="java.lang.NullPointerException">
            <message>
              <![CDATA[Cannot invoke "java.util.HashMap.get(Object)" because the return value of "CP_PageObject.CP_CategoryPage.getGlobalConfigData()" is null]]>
            </message>
            <full-stacktrace>
              <![CDATA[java.lang.NullPointerException: Cannot invoke "java.util.HashMap.get(Object)" because the return value of "CP_PageObject.CP_CategoryPage.getGlobalConfigData()" is null
at CP_PageObject.CP_CategoryPage.getAllJacketProductInfo(CP_CategoryPage.java:67)
at CP_TestCase.CoreProductTestCase.coreProductTestCase(CoreProductTestCase.java:69)
at java.base/jdk.internal.reflect.DirectMethodHandleAccessor.invoke(DirectMethodHandleAccessor.java:103)
at java.base/java.lang.reflect.Method.invoke(Method.java:580)
at org.testng.internal.invokers.MethodInvocationHelper.invokeMethod(MethodInvocationHelper.java:141)
at org.testng.internal.invokers.TestInvoker.invokeMethod(TestInvoker.java:686)
at org.testng.internal.invokers.TestInvoker.retryFailed(TestInvoker.java:269)
at org.testng.internal.invokers.MethodRunner.runInSequence(MethodRunner.java:76)
at org.testng.internal.invokers.TestInvoker$MethodInvocationAgent.invoke(TestInvoker.java:992)
at org.testng.internal.invokers.TestInvoker.invokeTestMethods(TestInvoker.java:203)
at org.testng.internal.invokers.TestMethodWorker.invokeTestMethods(TestMethodWorker.java:154)
at org.testng.internal.invokers.TestMethodWorker.run(TestMethodWorker.java:134)
at java.base/java.util.ArrayList.forEach(ArrayList.java:1596)
at org.testng.TestRunner.privateRun(TestRunner.java:739)
at org.testng.TestRunner.run(TestRunner.java:614)
at org.testng.SuiteRunner.runTest(SuiteRunner.java:421)
at org.testng.SuiteRunner.runSequentially(SuiteRunner.java:413)
at org.testng.SuiteRunner.privateRun(SuiteRunner.java:373)
at org.testng.SuiteRunner.run(SuiteRunner.java:312)
at org.testng.SuiteRunnerWorker.runSuite(SuiteRunnerWorker.java:52)
at org.testng.SuiteRunnerWorker.run(SuiteRunnerWorker.java:95)
at org.testng.TestNG.runSuitesSequentially(TestNG.java:1274)
at org.testng.TestNG.runSuitesLocally(TestNG.java:1208)
at org.testng.TestNG.runSuites(TestNG.java:1112)
at org.testng.TestNG.run(TestNG.java:1079)
at org.apache.maven.surefire.testng.TestNGExecutor.run(TestNGExecutor.java:308)
at org.apache.maven.surefire.testng.TestNGXmlTestSuite.execute(TestNGXmlTestSuite.java:71)
at org.apache.maven.surefire.testng.TestNGProvider.invoke(TestNGProvider.java:113)
at org.apache.maven.surefire.booter.ForkedBooter.runSuitesInProcess(ForkedBooter.java:385)
at org.apache.maven.surefire.booter.ForkedBooter.execute(ForkedBooter.java:162)
at org.apache.maven.surefire.booter.ForkedBooter.run(ForkedBooter.java:507)
at org.apache.maven.surefire.booter.ForkedBooter.main(ForkedBooter.java:495)
]]>
            </full-stacktrace>
          </exception> <!-- java.lang.NullPointerException -->
          <reporter-output>
            <line>
              <![CDATA[Test Case for 'coreProductTestCase'  - Started ------]]>
            </line>
            <line>
              <![CDATA[Switching to new window opened .... 'ED08376C9DB978D2FD1FAF27E524738C ' ]]>
            </line>
            <line>
              <![CDATA[Waiting for Page to Load......]]>
            </line>
            <line>
              <![CDATA[Page Loaded !! ]]>
            </line>
            <line>
              <![CDATA[Waiting for Page to Load......]]>
            </line>
            <line>
              <![CDATA[Page Loaded !! ]]>
            </line>
            <line>
              <![CDATA[Waiting for Page to Load......]]>
            </line>
            <line>
              <![CDATA[Page Loaded !! ]]>
            </line>
          </reporter-output>
        </test-method> <!-- coreProductTestCase -->
        <test-method is-config="true" signature="tearDown(java.lang.String)[pri:0, instance:CP_TestCase.CoreProductTestCase@35d019a3]" started-at="2024-08-26T15:57:26 IST" name="tearDown" finished-at="2024-08-26T15:57:27 IST" duration-ms="508" status="PASS">
          <params>
            <param index="0">
              <value>
                <![CDATA[chrome]]>
              </value>
            </param>
          </params>
          <reporter-output>
          </reporter-output>
        </test-method> <!-- tearDown -->
      </class> <!-- CP_TestCase.CoreProductTestCase -->
    </test> <!-- Core Product Test Case in Chrome -->
  </suite> <!-- Suite -->
</testng-results>
