<?xml version="1.0" encoding="UTF-8"?>
<!-- Generated by org.testng.reporters.JUnitReportReporter -->
<testsuite hostname="DESKTOP-8FBDTGM" failures="0" tests="2" name="CP_TestCase.CoreProductTestCase" time="177.024" errors="1" timestamp="2024-08-26T15:57:27 IST" skipped="1">
  <testcase classname="CP_TestCase.CoreProductTestCase" name="coreProductTestCase" time="99.616">
    <error message="Cannot invoke &quot;java.util.HashMap.get(Object)&quot; because the return value of &quot;CP_PageObject.CP_CategoryPage.getGlobalConfigData()&quot; is null" type="java.lang.NullPointerException">
      <![CDATA[java.lang.NullPointerException: Cannot invoke "java.util.HashMap.get(Object)" because the return value of "CP_PageObject.CP_CategoryPage.getGlobalConfigData()" is null
at CP_PageObject.CP_CategoryPage.getAllJacketProductInfo(CP_CategoryPage.java:67)
at CP_TestCase.CoreProductTestCase.coreProductTestCase(CoreProductTestCase.java:69)
at java.base/jdk.internal.reflect.DirectMethodHandleAccessor.invoke(DirectMethodHandleAccessor.java:103)
at java.base/java.lang.reflect.Method.invoke(Method.java:580)
at org.testng.internal.invokers.MethodInvocationHelper.invokeMethod(MethodInvocationHelper.java:141)
at org.testng.internal.invokers.TestInvoker.invokeMethod(TestInvoker.java:686)
at org.testng.internal.invokers.TestInvoker.retryFailed(TestInvoker.java:269)
at org.testng.internal.invokers.MethodRunner.runInSequence(MethodRunner.java:76)
at org.testng.internal.invokers.TestInvoker$MethodInvocationAgent.invoke(TestInvoker.java:992)
at org.testng.internal.invokers.TestInvoker.invokeTestMethods(TestInvoker.java:203)
at org.testng.internal.invokers.TestMethodWorker.invokeTestMethods(TestMethodWorker.java:154)
at org.testng.internal.invokers.TestMethodWorker.run(TestMethodWorker.java:134)
at java.base/java.util.ArrayList.forEach(ArrayList.java:1596)
at org.testng.TestRunner.privateRun(TestRunner.java:739)
at org.testng.TestRunner.run(TestRunner.java:614)
at org.testng.SuiteRunner.runTest(SuiteRunner.java:421)
at org.testng.SuiteRunner.runSequentially(SuiteRunner.java:413)
at org.testng.SuiteRunner.privateRun(SuiteRunner.java:373)
at org.testng.SuiteRunner.run(SuiteRunner.java:312)
at org.testng.SuiteRunnerWorker.runSuite(SuiteRunnerWorker.java:52)
at org.testng.SuiteRunnerWorker.run(SuiteRunnerWorker.java:95)
at org.testng.TestNG.runSuitesSequentially(TestNG.java:1274)
at org.testng.TestNG.runSuitesLocally(TestNG.java:1208)
at org.testng.TestNG.runSuites(TestNG.java:1112)
at org.testng.TestNG.run(TestNG.java:1079)
at org.apache.maven.surefire.testng.TestNGExecutor.run(TestNGExecutor.java:308)
at org.apache.maven.surefire.testng.TestNGXmlTestSuite.execute(TestNGXmlTestSuite.java:71)
at org.apache.maven.surefire.testng.TestNGProvider.invoke(TestNGProvider.java:113)
at org.apache.maven.surefire.booter.ForkedBooter.runSuitesInProcess(ForkedBooter.java:385)
at org.apache.maven.surefire.booter.ForkedBooter.execute(ForkedBooter.java:162)
at org.apache.maven.surefire.booter.ForkedBooter.run(ForkedBooter.java:507)
at org.apache.maven.surefire.booter.ForkedBooter.main(ForkedBooter.java:495)
]]>
    </error>
    <system-out>
      <![CDATA[Test Case for 'coreProductTestCase'  - Started ------
Switching to new window opened .... 'ED08376C9DB978D2FD1FAF27E524738C ' 
Waiting for Page to Load......
Page Loaded !! 
Waiting for Page to Load......
Page Loaded !! 
Waiting for Page to Load......
Page Loaded !! ]]>
    </system-out>
  </testcase> <!-- coreProductTestCase -->
  <testcase classname="CP_TestCase.CoreProductTestCase" name="coreProductTestCase" time="77.408">
    <skipped/>
    <system-out>
      <![CDATA[Test Case for 'coreProductTestCase'  - Started ------
Switching to new window opened .... '74C5C634CF742DC244A721E2F01C814A ' 
Waiting for Page to Load......
Page Loaded !! 
Waiting for Page to Load......
Page Loaded !! 
Waiting for Page to Load......
Page Loaded !! ]]>
    </system-out>
  </testcase> <!-- coreProductTestCase -->
  <system-out>
    <![CDATA[Driver Activated... Browser Opened :::: chrome
Test Case for 'coreProductTestCase'  - Started ------
Switching to new window opened .... '74C5C634CF742DC244A721E2F01C814A ' 
Waiting for Page to Load......
Page Loaded !! 
Waiting for Page to Load......
Page Loaded !! 
Waiting for Page to Load......
Page Loaded !! 
Test Case for 'coreProductTestCase'  - Started ------
Switching to new window opened .... 'ED08376C9DB978D2FD1FAF27E524738C ' 
Waiting for Page to Load......
Page Loaded !! 
Waiting for Page to Load......
Page Loaded !! 
Waiting for Page to Load......
Page Loaded !! ]]>
  </system-out>
</testsuite> <!-- CP_TestCase.CoreProductTestCase -->
